# JRE version: Java(TM) SE Runtime Environment (9.0+11) (build 9.0.4+11)
# Java VM: Java HotSpot(TM) 64-Bit Server VM (9.0.4+11, mixed mode, tiered, compressed oops, g1 gc, windows-amd64)
Heap:
 garbage-first heap   total 169984K, used 68254K [0x0000000700000000, 0x0000000700100530, 0x00000007c0000000)
  region size 1024K, 16 young (16384K), 3 survivors (3072K)
 Metaspace       used 74573K, capacity 79754K, committed 79920K, reserved 1118208K
  class space    used 10271K, capacity 11191K, committed 11312K, reserved 1048576K
GC Heap History (10 events):
Event: 194.918 GC heap before
{Heap before GC invocations=50 (full 2):
 garbage-first heap   total 169984K, used 112146K [0x0000000700000000, 0x0000000700100530, 0x00000007c0000000)
  region size 1024K, 60 young (61440K), 4 survivors (4096K)
 Metaspace       used 73245K, capacity 78252K, committed 78384K, reserved 1116160K
  class space    used 10118K, capacity 10994K, committed 11056K, reserved 1048576K
}
Event: 194.927 GC heap after
{Heap after GC invocations=51 (full 2):
 garbage-first heap   total 169984K, used 55132K [0x0000000700000000, 0x0000000700100530, 0x00000007c0000000)
  region size 1024K, 5 young (5120K), 5 survivors (5120K)
 Metaspace       used 73245K, capacity 78252K, committed 78384K, reserved 1116160K
  class space    used 10118K, capacity 10994K, committed 11056K, reserved 1048576K
}
Event: 200.504 GC heap before
{Heap before GC invocations=51 (full 2):
 garbage-first heap   total 169984K, used 111452K [0x0000000700000000, 0x0000000700100530, 0x00000007c0000000)
  region size 1024K, 60 young (61440K), 5 survivors (5120K)
 Metaspace       used 73895K, capacity 78896K, committed 79152K, reserved 1118208K
  class space    used 10181K, capacity 11048K, committed 11056K, reserved 1048576K
}
Event: 200.513 GC heap after
{Heap after GC invocations=52 (full 2):
 garbage-first heap   total 169984K, used 56756K [0x0000000700000000, 0x0000000700100530, 0x00000007c0000000)
  region size 1024K, 6 young (6144K), 6 survivors (6144K)
 Metaspace       used 73895K, capacity 78896K, committed 79152K, reserved 1118208K
  class space    used 10181K, capacity 11048K, committed 11056K, reserved 1048576K
}
Event: 201.161 GC heap before
{Heap before GC invocations=52 (full 2):
 garbage-first heap   total 169984K, used 112052K [0x0000000700000000, 0x0000000700100530, 0x00000007c0000000)
  region size 1024K, 60 young (61440K), 6 survivors (6144K)
 Metaspace       used 73984K, capacity 79032K, committed 79280K, reserved 1118208K
  class space    used 10198K, capacity 11080K, committed 11184K, reserved 1048576K
}
Event: 201.170 GC heap after
{Heap after GC invocations=53 (full 2):
 garbage-first heap   total 169984K, used 56074K [0x0000000700000000, 0x0000000700100530, 0x00000007c0000000)
  region size 1024K, 3 young (3072K), 3 survivors (3072K)
 Metaspace       used 73984K, capacity 79032K, committed 79280K, reserved 1118208K
  class space    used 10198K, capacity 11080K, committed 11184K, reserved 1048576K
}
Event: 202.524 GC heap before
{Heap before GC invocations=53 (full 2):
 garbage-first heap   total 169984K, used 114442K [0x0000000700000000, 0x0000000700100530, 0x00000007c0000000)
  region size 1024K, 60 young (61440K), 3 survivors (3072K)
 Metaspace       used 74068K, capacity 79096K, committed 79280K, reserved 1118208K
  class space    used 10199K, capacity 11080K, committed 11184K, reserved 1048576K
}
Event: 202.533 GC heap after
{Heap after GC invocations=54 (full 2):
 garbage-first heap   total 169984K, used 55914K [0x0000000700000000, 0x0000000700100530, 0x00000007c0000000)
  region size 1024K, 3 young (3072K), 3 survivors (3072K)
 Metaspace       used 74068K, capacity 79096K, committed 79280K, reserved 1118208K
  class space    used 10199K, capacity 11080K, committed 11184K, reserved 1048576K
}
Event: 216.645 GC heap before
{Heap before GC invocations=54 (full 2):
 garbage-first heap   total 169984K, used 114282K [0x0000000700000000, 0x0000000700100530, 0x00000007c0000000)
  region size 1024K, 60 young (61440K), 3 survivors (3072K)
 Metaspace       used 74147K, capacity 79230K, committed 79536K, reserved 1118208K
  class space    used 10200K, capacity 11081K, committed 11184K, reserved 1048576K
}
Event: 216.652 GC heap after
{Heap after GC invocations=55 (full 2):
 garbage-first heap   total 169984K, used 55966K [0x0000000700000000, 0x0000000700100530, 0x00000007c0000000)
  region size 1024K, 3 young (3072K), 3 survivors (3072K)
 Metaspace       used 74147K, capacity 79230K, committed 79536K, reserved 1118208K
  class space    used 10200K, capacity 11081K, committed 11184K, reserved 1048576K
}

